2019-06-19 11:19:04.651  INFO DESKTOP-M1H1RUL
			--- [           main] .s.d.r.c.RepositoryConfigurationDelegate : Bootstrapping Spring Data repositories in DEFAULT mode.
2019-06-19 11:19:04.724  INFO DESKTOP-M1H1RUL
			--- [           main] .s.d.r.c.RepositoryConfigurationDelegate : Finished Spring Data repository scanning in 62ms. Found 2 repository interfaces.
2019-06-19 11:19:05.139  INFO DESKTOP-M1H1RUL
			--- [           main] trationDelegate$BeanPostProcessorChecker : Bean 'org.springframework.transaction.annotation.ProxyTransactionManagementConfiguration' of type [org.springframework.transaction.annotation.ProxyTransactionManagementConfiguration$$EnhancerBySpringCGLIB$$3b78fc07] is not eligible for getting processed by all BeanPostProcessors (for example: not eligible for auto-proxying)
2019-06-19 11:19:05.161  INFO DESKTOP-M1H1RUL
			--- [           main] trationDelegate$BeanPostProcessorChecker : Bean 'org.springframework.hateoas.config.HateoasConfiguration' of type [org.springframework.hateoas.config.HateoasConfiguration$$EnhancerBySpringCGLIB$$baf94939] is not eligible for getting processed by all BeanPostProcessors (for example: not eligible for auto-proxying)
2019-06-19 11:19:05.562  INFO DESKTOP-M1H1RUL
			--- [           main] o.s.b.w.e.t.TomcatWebServer              : Tomcat initialized with port(s): 8080 (http)
2019-06-19 11:19:05.578  INFO DESKTOP-M1H1RUL
			--- [           main] o.a.c.h.Http11NioProtocol                : Initializing ProtocolHandler ["http-nio-8080"]
2019-06-19 11:19:05.587  INFO DESKTOP-M1H1RUL
			--- [           main] o.a.c.c.StandardService                  : Starting service [Tomcat]
2019-06-19 11:19:05.588  INFO DESKTOP-M1H1RUL
			--- [           main] o.a.c.c.StandardEngine                   : Starting Servlet engine: [Apache Tomcat/9.0.16]
2019-06-19 11:19:05.595  INFO DESKTOP-M1H1RUL
			--- [           main] o.a.c.c.AprLifecycleListener             : The APR based Apache Tomcat Native library which allows optimal performance in production environments was not found on the java.library.path: [C:\Program Files\Java\jre1.8.0_211\bin;C:\WINDOWS\Sun\Java\bin;C:\WINDOWS\system32;C:\WINDOWS;C:/Program Files/Java/jre1.8.0_211/bin/server;C:/Program Files/Java/jre1.8.0_211/bin;C:/Program Files/Java/jre1.8.0_211/lib/amd64;C:\Program Files (x86)\Common Files\Oracle\Java\javapath;C:\WINDOWS\system32;C:\WINDOWS;C:\WINDOWS\System32\Wbem;C:\WINDOWS\System32\WindowsPowerShell\v1.0\;C:\WINDOWS\System32\OpenSSH\;C:\Program Files (x86)\Calibre2\;C:\Program Files\dotnet\;C:\Program Files\Microsoft SQL Server\130\Tools\Binn\;C:\Program Files\Git\cmd;C:\Users\Simon\AppData\Local\Microsoft\WindowsApps;C:\Users\Simon\AppData\Local\Microsoft\WindowsApps;C:\Users\Simon\AppData\Local\Programs\Microsoft VS Code\bin;;C:\WINDOWS\system32;;.]
2019-06-19 11:19:05.713  INFO DESKTOP-M1H1RUL
			--- [           main] o.a.c.c.C.[.[.[/]                        : Initializing Spring embedded WebApplicationContext
2019-06-19 11:19:05.713  INFO DESKTOP-M1H1RUL
			--- [           main] o.s.w.c.ContextLoader                    : Root WebApplicationContext: initialization completed in 1859 ms
2019-06-19 11:19:06.087  INFO DESKTOP-M1H1RUL
			--- [           main] c.z.h.HikariDataSource                   : HikariPool-1 - Starting...
2019-06-19 11:19:06.148  INFO DESKTOP-M1H1RUL
			--- [           main] c.z.h.HikariDataSource                   : HikariPool-1 - Start completed.
2019-06-19 11:19:06.200  INFO DESKTOP-M1H1RUL
			--- [           main] o.h.j.i.u.LogHelper                      : HHH000204: Processing PersistenceUnitInfo [
	name: default
	...]
2019-06-19 11:19:06.245  INFO DESKTOP-M1H1RUL
			--- [           main] o.h.Version                              : HHH000412: Hibernate Core {5.3.7.Final}
2019-06-19 11:19:06.247  INFO DESKTOP-M1H1RUL
			--- [           main] o.h.c.Environment                        : HHH000206: hibernate.properties not found
2019-06-19 11:19:06.342  INFO DESKTOP-M1H1RUL
			--- [           main] o.h.a.c.Version                          : HCANN000001: Hibernate Commons Annotations {5.0.4.Final}
2019-06-19 11:19:06.444  INFO DESKTOP-M1H1RUL
			--- [           main] o.h.d.Dialect                            : HHH000400: Using dialect: org.hibernate.dialect.MariaDB103Dialect
2019-06-19 11:19:06.902  INFO DESKTOP-M1H1RUL
			--- [           main] j.LocalContainerEntityManagerFactoryBean : Initialized JPA EntityManagerFactory for persistence unit 'default'
2019-06-19 11:19:07.575  INFO DESKTOP-M1H1RUL
			--- [           main] o.f.c.i.l.VersionPrinter                 : Flyway Community Edition 5.2.4 by Boxfuse
2019-06-19 11:19:07.579  INFO DESKTOP-M1H1RUL
			--- [           main] o.f.c.i.d.DatabaseFactory                : Database: jdbc:mariadb://localhost:3306/tagcloud (MySQL 10.3)
2019-06-19 11:19:07.641  INFO DESKTOP-M1H1RUL
			--- [           main] o.f.c.i.c.DbValidate                     : Successfully validated 4 migrations (execution time 00:00.021s)
2019-06-19 11:19:07.649  INFO DESKTOP-M1H1RUL
			--- [           main] o.f.c.i.c.DbMigrate                      : Current version of schema `tagcloud`: 1.0.7
2019-06-19 11:19:07.650  INFO DESKTOP-M1H1RUL
			--- [           main] o.f.c.i.c.DbMigrate                      : Schema `tagcloud` is up to date. No migration necessary.
2019-06-19 11:19:07.782  INFO DESKTOP-M1H1RUL
			--- [           main] o.s.s.w.DefaultSecurityFilterChain       : Creating filter chain: any request, [org.springframework.security.web.context.request.async.WebAsyncManagerIntegrationFilter@47ef5a33, org.springframework.security.web.context.SecurityContextPersistenceFilter@6fd7aba8, org.springframework.security.web.header.HeaderWriterFilter@47162173, org.springframework.security.web.csrf.CsrfFilter@20a9f5fb, org.springframework.security.web.authentication.logout.LogoutFilter@7d8f2eec, org.springframework.security.web.authentication.UsernamePasswordAuthenticationFilter@51743cc0, org.springframework.security.web.savedrequest.RequestCacheAwareFilter@3ce7490a, org.springframework.security.web.servletapi.SecurityContextHolderAwareRequestFilter@4e7eba9f, org.springframework.security.web.authentication.AnonymousAuthenticationFilter@6a278584, org.springframework.security.web.session.SessionManagementFilter@4468fda8, org.springframework.security.web.access.ExceptionTranslationFilter@1f3c5308, org.springframework.security.web.access.intercept.FilterSecurityInterceptor@7ac685ef]
2019-06-19 11:19:07.957  INFO DESKTOP-M1H1RUL
			--- [           main] o.s.s.c.ThreadPoolTaskExecutor           : Initializing ExecutorService 'applicationTaskExecutor'
2019-06-19 11:19:07.996  WARN DESKTOP-M1H1RUL
			--- [           main] aWebConfiguration$JpaWebMvcConfiguration : spring.jpa.open-in-view is enabled by default. Therefore, database queries may be performed during view rendering. Explicitly configure spring.jpa.open-in-view to disable this warning
2019-06-19 11:19:08.167  INFO DESKTOP-M1H1RUL
			--- [           main] o.s.b.a.w.s.WelcomePageHandlerMapping    : Adding welcome page template: index
2019-06-19 11:19:08.422  INFO DESKTOP-M1H1RUL
			--- [           main] o.a.c.h.Http11NioProtocol                : Starting ProtocolHandler ["http-nio-8080"]
2019-06-19 11:19:08.663  INFO DESKTOP-M1H1RUL
			--- [           main] o.s.b.w.e.t.TomcatWebServer              : Tomcat started on port(s): 8080 (http) with context path ''
2019-06-19 11:19:55.539  INFO DESKTOP-M1H1RUL
			--- [nio-8080-exec-1] o.a.c.c.C.[.[.[/]                        : Initializing Spring DispatcherServlet 'dispatcherServlet'
2019-06-19 11:19:55.539  INFO DESKTOP-M1H1RUL
			--- [nio-8080-exec-1] o.s.w.s.DispatcherServlet                : Initializing Servlet 'dispatcherServlet'
2019-06-19 11:19:55.558  INFO DESKTOP-M1H1RUL
			--- [nio-8080-exec-1] o.s.w.s.DispatcherServlet                : Completed initialization in 19 ms
2019-06-19 11:20:03.911  INFO DESKTOP-M1H1RUL
			--- [nio-8080-exec-8] o.h.h.i.QueryTranslatorFactoryInitiator  : HHH000397: Using ASTQueryTranslatorFactory
2019-06-19 11:21:10.220  INFO DESKTOP-M1H1RUL
			--- [on(2)-127.0.0.1] inMXBeanRegistrar$SpringApplicationAdmin : Application shutdown requested.
2019-06-19 11:21:10.223  INFO DESKTOP-M1H1RUL
			--- [on(2)-127.0.0.1] o.s.s.c.ThreadPoolTaskExecutor           : Shutting down ExecutorService 'applicationTaskExecutor'
2019-06-19 11:21:10.225  INFO DESKTOP-M1H1RUL
			--- [on(2)-127.0.0.1] j.LocalContainerEntityManagerFactoryBean : Closing JPA EntityManagerFactory for persistence unit 'default'
2019-06-19 11:21:10.227  INFO DESKTOP-M1H1RUL
			--- [on(2)-127.0.0.1] c.z.h.HikariDataSource                   : HikariPool-1 - Shutdown initiated...
2019-06-19 11:21:10.230  INFO DESKTOP-M1H1RUL
			--- [on(2)-127.0.0.1] c.z.h.HikariDataSource                   : HikariPool-1 - Shutdown completed.
