2019-04-08 15:15:23.827  INFO LAPTOP-2C5RN20E
			--- [           main] .s.d.r.c.RepositoryConfigurationDelegate : Bootstrapping Spring Data repositories in DEFAULT mode.
2019-04-08 15:15:23.900  INFO LAPTOP-2C5RN20E
			--- [           main] .s.d.r.c.RepositoryConfigurationDelegate : Finished Spring Data repository scanning in 58ms. Found 2 repository interfaces.
2019-04-08 15:15:24.225  INFO LAPTOP-2C5RN20E
			--- [           main] trationDelegate$BeanPostProcessorChecker : Bean 'org.springframework.transaction.annotation.ProxyTransactionManagementConfiguration' of type [org.springframework.transaction.annotation.ProxyTransactionManagementConfiguration$$EnhancerBySpringCGLIB$$5080af59] is not eligible for getting processed by all BeanPostProcessors (for example: not eligible for auto-proxying)
2019-04-08 15:15:24.259  INFO LAPTOP-2C5RN20E
			--- [           main] trationDelegate$BeanPostProcessorChecker : Bean 'org.springframework.hateoas.config.HateoasConfiguration' of type [org.springframework.hateoas.config.HateoasConfiguration$$EnhancerBySpringCGLIB$$d000fc8b] is not eligible for getting processed by all BeanPostProcessors (for example: not eligible for auto-proxying)
2019-04-08 15:15:24.611  INFO LAPTOP-2C5RN20E
			--- [           main] o.s.b.w.e.t.TomcatWebServer              : Tomcat initialized with port(s): 8080 (http)
2019-04-08 15:15:24.623  INFO LAPTOP-2C5RN20E
			--- [           main] o.a.c.h.Http11NioProtocol                : Initializing ProtocolHandler ["http-nio-8080"]
2019-04-08 15:15:24.631  INFO LAPTOP-2C5RN20E
			--- [           main] o.a.c.c.StandardService                  : Starting service [Tomcat]
2019-04-08 15:15:24.631  INFO LAPTOP-2C5RN20E
			--- [           main] o.a.c.c.StandardEngine                   : Starting Servlet engine: [Apache Tomcat/9.0.16]
2019-04-08 15:15:24.638  INFO LAPTOP-2C5RN20E
			--- [           main] o.a.c.c.AprLifecycleListener             : The APR based Apache Tomcat Native library which allows optimal performance in production environments was not found on the java.library.path: [C:\Program Files\Java\jre1.8.0_181\bin;C:\WINDOWS\Sun\Java\bin;C:\WINDOWS\system32;C:\WINDOWS;C:/Program Files/Java/jre1.8.0_181/bin/server;C:/Program Files/Java/jre1.8.0_181/bin;C:/Program Files/Java/jre1.8.0_181/lib/amd64;C:\Program Files (x86)\Common Files\Oracle\Java\javapath;C:\Program Files (x86)\Intel\iCLS Client\;C:\Program Files\Intel\iCLS Client\;C:\Windows\system32;C:\Windows;C:\Windows\System32\Wbem;C:\Windows\System32\WindowsPowerShell\v1.0\;C:\Program Files (x86)\NVIDIA Corporation\PhysX\Common;C:\Program Files (x86)\Intel\Intel(R) Management Engine Components\DAL;C:\Program Files\Intel\Intel(R) Management Engine Components\DAL;C:\Program Files (x86)\Intel\Intel(R) Management Engine Components\IPT;C:\Program Files\Intel\Intel(R) Management Engine Components\IPT;C:\WINDOWS\system32;C:\WINDOWS;C:\WINDOWS\System32\Wbem;C:\WINDOWS\System32\WindowsPowerShell\v1.0\;C:\WINDOWS\System32\OpenSSH\;C:\Program Files (x86)\Bitvise SSH Client;C:\Program Files\Java;C:\Program Files\Intel\WiFi\bin\;C:\Program Files\Common Files\Intel\WirelessCommon\;C:\Program Files\Git\cmd;C:\Users\nussbi\AppData\Local\Microsoft\WindowsApps;;C:\Users\nussbi\AppData\Local\Programs\Microsoft VS Code\bin;C:\Users\nussbi\Desktop;;.]
2019-04-08 15:15:24.864  INFO LAPTOP-2C5RN20E
			--- [           main] o.a.c.c.C.[.[.[/]                        : Initializing Spring embedded WebApplicationContext
2019-04-08 15:15:24.864  INFO LAPTOP-2C5RN20E
			--- [           main] o.s.w.c.ContextLoader                    : Root WebApplicationContext: initialization completed in 1715 ms
2019-04-08 15:15:25.125  INFO LAPTOP-2C5RN20E
			--- [           main] c.z.h.HikariDataSource                   : HikariPool-1 - Starting...
2019-04-08 15:15:25.166  INFO LAPTOP-2C5RN20E
			--- [           main] c.z.h.HikariDataSource                   : HikariPool-1 - Start completed.
2019-04-08 15:15:25.227  INFO LAPTOP-2C5RN20E
			--- [           main] o.h.j.i.u.LogHelper                      : HHH000204: Processing PersistenceUnitInfo [
	name: default
	...]
2019-04-08 15:15:25.284  INFO LAPTOP-2C5RN20E
			--- [           main] o.h.Version                              : HHH000412: Hibernate Core {5.3.7.Final}
2019-04-08 15:15:25.285  INFO LAPTOP-2C5RN20E
			--- [           main] o.h.c.Environment                        : HHH000206: hibernate.properties not found
2019-04-08 15:15:25.377  INFO LAPTOP-2C5RN20E
			--- [           main] o.h.a.c.Version                          : HCANN000001: Hibernate Commons Annotations {5.0.4.Final}
2019-04-08 15:15:25.488  INFO LAPTOP-2C5RN20E
			--- [           main] o.h.d.Dialect                            : HHH000400: Using dialect: org.hibernate.dialect.MariaDB103Dialect
2019-04-08 15:15:25.955  INFO LAPTOP-2C5RN20E
			--- [           main] j.LocalContainerEntityManagerFactoryBean : Initialized JPA EntityManagerFactory for persistence unit 'default'
2019-04-08 15:15:26.622  INFO LAPTOP-2C5RN20E
			--- [           main] o.f.c.i.l.VersionPrinter                 : Flyway Community Edition 5.2.4 by Boxfuse
2019-04-08 15:15:26.626  INFO LAPTOP-2C5RN20E
			--- [           main] o.f.c.i.d.DatabaseFactory                : Database: jdbc:mariadb://localhost:3306/tagcloud (MySQL 10.3)
2019-04-08 15:15:26.684  WARN LAPTOP-2C5RN20E
			--- [           main] ConfigServletWebServerApplicationContext : Exception encountered during context initialization - cancelling refresh attempt: org.springframework.beans.factory.BeanCreationException: Error creating bean with name 'delayedFlywayInitializer' defined in class path resource [ch/tagcloud/www/config/MigrationConfiguration.class]: Invocation of init method failed; nested exception is org.flywaydb.core.api.FlywayException: Validate failed: Detected failed migration to version 1.0.7 (improvements table role)
2019-04-08 15:15:26.685  INFO LAPTOP-2C5RN20E
			--- [           main] j.LocalContainerEntityManagerFactoryBean : Closing JPA EntityManagerFactory for persistence unit 'default'
2019-04-08 15:15:26.686  INFO LAPTOP-2C5RN20E
			--- [           main] c.z.h.HikariDataSource                   : HikariPool-1 - Shutdown initiated...
2019-04-08 15:15:26.690  INFO LAPTOP-2C5RN20E
			--- [           main] c.z.h.HikariDataSource                   : HikariPool-1 - Shutdown completed.
2019-04-08 15:15:26.690  INFO LAPTOP-2C5RN20E
			--- [           main] o.a.c.c.StandardService                  : Stopping service [Tomcat]
2019-04-08 15:15:26.712  INFO LAPTOP-2C5RN20E
			--- [           main] ConditionEvaluationReportLoggingListener : 

Error starting ApplicationContext. To display the conditions report re-run your application with 'debug' enabled.
2019-04-08 15:15:26.719 ERROR LAPTOP-2C5RN20E
			--- [           main] o.s.b.SpringApplication                  : Application run failed
org.springframework.beans.factory.BeanCreationException: Error creating bean with name 'delayedFlywayInitializer' defined in class path resource [ch/tagcloud/www/config/MigrationConfiguration.class]: Invocation of init method failed; nested exception is org.flywaydb.core.api.FlywayException: Validate failed: Detected failed migration to version 1.0.7 (improvements table role)
	at org.springframework.beans.factory.support.AbstractAutowireCapableBeanFactory.initializeBean(AbstractAutowireCapableBeanFactory.java:1762)
	at org.springframework.beans.factory.support.AbstractAutowireCapableBeanFactory.doCreateBean(AbstractAutowireCapableBeanFactory.java:593)
	at org.springframework.beans.factory.support.AbstractAutowireCapableBeanFactory.createBean(AbstractAutowireCapableBeanFactory.java:515)
	at org.springframework.beans.factory.support.AbstractBeanFactory.lambda$doGetBean$0(AbstractBeanFactory.java:320)
	at org.springframework.beans.factory.support.DefaultSingletonBeanRegistry.getSingleton(DefaultSingletonBeanRegistry.java:222)
	at org.springframework.beans.factory.support.AbstractBeanFactory.doGetBean(AbstractBeanFactory.java:318)
	at org.springframework.beans.factory.support.AbstractBeanFactory.getBean(AbstractBeanFactory.java:199)
	at org.springframework.beans.factory.support.DefaultListableBeanFactory.preInstantiateSingletons(DefaultListableBeanFactory.java:849)
	at org.springframework.context.support.AbstractApplicationContext.finishBeanFactoryInitialization(AbstractApplicationContext.java:877)
	at org.springframework.context.support.AbstractApplicationContext.refresh(AbstractApplicationContext.java:549)
	at org.springframework.boot.web.servlet.context.ServletWebServerApplicationContext.refresh(ServletWebServerApplicationContext.java:142)
	at org.springframework.boot.SpringApplication.refresh(SpringApplication.java:775)
	at org.springframework.boot.SpringApplication.refreshContext(SpringApplication.java:397)
	at org.springframework.boot.SpringApplication.run(SpringApplication.java:316)
	at org.springframework.boot.SpringApplication.run(SpringApplication.java:1260)
	at org.springframework.boot.SpringApplication.run(SpringApplication.java:1248)
	at ch.tagcloud.www.TagCloudApplication.main(TagCloudApplication.java:22)
Caused by: org.flywaydb.core.api.FlywayException: Validate failed: Detected failed migration to version 1.0.7 (improvements table role)
	at org.flywaydb.core.Flyway.doValidate(Flyway.java:1482)
	at org.flywaydb.core.Flyway.access$100(Flyway.java:85)
	at org.flywaydb.core.Flyway$1.execute(Flyway.java:1364)
	at org.flywaydb.core.Flyway$1.execute(Flyway.java:1356)
	at org.flywaydb.core.Flyway.execute(Flyway.java:1711)
	at org.flywaydb.core.Flyway.migrate(Flyway.java:1356)
	at org.springframework.boot.autoconfigure.flyway.FlywayMigrationInitializer.afterPropertiesSet(FlywayMigrationInitializer.java:66)
	at org.springframework.beans.factory.support.AbstractAutowireCapableBeanFactory.invokeInitMethods(AbstractAutowireCapableBeanFactory.java:1821)
	at org.springframework.beans.factory.support.AbstractAutowireCapableBeanFactory.initializeBean(AbstractAutowireCapableBeanFactory.java:1758)
	... 16 more
