2019-06-19 11:31:59.250  INFO DESKTOP-M1H1RUL
			--- [           main] .s.d.r.c.RepositoryConfigurationDelegate : Bootstrapping Spring Data repositories in DEFAULT mode.
2019-06-19 11:31:59.337  INFO DESKTOP-M1H1RUL
			--- [           main] .s.d.r.c.RepositoryConfigurationDelegate : Finished Spring Data repository scanning in 61ms. Found 2 repository interfaces.
2019-06-19 11:31:59.729  INFO DESKTOP-M1H1RUL
			--- [           main] trationDelegate$BeanPostProcessorChecker : Bean 'org.springframework.transaction.annotation.ProxyTransactionManagementConfiguration' of type [org.springframework.transaction.annotation.ProxyTransactionManagementConfiguration$$EnhancerBySpringCGLIB$$c84815cc] is not eligible for getting processed by all BeanPostProcessors (for example: not eligible for auto-proxying)
2019-06-19 11:31:59.747  INFO DESKTOP-M1H1RUL
			--- [           main] trationDelegate$BeanPostProcessorChecker : Bean 'org.springframework.hateoas.config.HateoasConfiguration' of type [org.springframework.hateoas.config.HateoasConfiguration$$EnhancerBySpringCGLIB$$47c862fe] is not eligible for getting processed by all BeanPostProcessors (for example: not eligible for auto-proxying)
2019-06-19 11:32:00.081  INFO DESKTOP-M1H1RUL
			--- [           main] o.s.b.w.e.t.TomcatWebServer              : Tomcat initialized with port(s): 8080 (http)
2019-06-19 11:32:00.096  INFO DESKTOP-M1H1RUL
			--- [           main] o.a.c.h.Http11NioProtocol                : Initializing ProtocolHandler ["http-nio-8080"]
2019-06-19 11:32:00.103  INFO DESKTOP-M1H1RUL
			--- [           main] o.a.c.c.StandardService                  : Starting service [Tomcat]
2019-06-19 11:32:00.104  INFO DESKTOP-M1H1RUL
			--- [           main] o.a.c.c.StandardEngine                   : Starting Servlet engine: [Apache Tomcat/9.0.16]
2019-06-19 11:32:00.110  INFO DESKTOP-M1H1RUL
			--- [           main] o.a.c.c.AprLifecycleListener             : The APR based Apache Tomcat Native library which allows optimal performance in production environments was not found on the java.library.path: [C:\Program Files\Java\jre1.8.0_211\bin;C:\WINDOWS\Sun\Java\bin;C:\WINDOWS\system32;C:\WINDOWS;C:/Program Files/Java/jre1.8.0_211/bin/server;C:/Program Files/Java/jre1.8.0_211/bin;C:/Program Files/Java/jre1.8.0_211/lib/amd64;C:\Program Files (x86)\Common Files\Oracle\Java\javapath;C:\WINDOWS\system32;C:\WINDOWS;C:\WINDOWS\System32\Wbem;C:\WINDOWS\System32\WindowsPowerShell\v1.0\;C:\WINDOWS\System32\OpenSSH\;C:\Program Files (x86)\Calibre2\;C:\Program Files\dotnet\;C:\Program Files\Microsoft SQL Server\130\Tools\Binn\;C:\Program Files\Git\cmd;C:\Users\Simon\AppData\Local\Microsoft\WindowsApps;C:\Users\Simon\AppData\Local\Microsoft\WindowsApps;C:\Users\Simon\AppData\Local\Programs\Microsoft VS Code\bin;;C:\WINDOWS\system32;;.]
2019-06-19 11:32:00.225  INFO DESKTOP-M1H1RUL
			--- [           main] o.a.c.c.C.[.[.[/]                        : Initializing Spring embedded WebApplicationContext
2019-06-19 11:32:00.225  INFO DESKTOP-M1H1RUL
			--- [           main] o.s.w.c.ContextLoader                    : Root WebApplicationContext: initialization completed in 1695 ms
2019-06-19 11:32:00.602  INFO DESKTOP-M1H1RUL
			--- [           main] c.z.h.HikariDataSource                   : HikariPool-1 - Starting...
2019-06-19 11:32:00.638  INFO DESKTOP-M1H1RUL
			--- [           main] c.z.h.HikariDataSource                   : HikariPool-1 - Start completed.
2019-06-19 11:32:00.684  INFO DESKTOP-M1H1RUL
			--- [           main] o.h.j.i.u.LogHelper                      : HHH000204: Processing PersistenceUnitInfo [
	name: default
	...]
2019-06-19 11:32:00.731  INFO DESKTOP-M1H1RUL
			--- [           main] o.h.Version                              : HHH000412: Hibernate Core {5.3.7.Final}
2019-06-19 11:32:00.745  INFO DESKTOP-M1H1RUL
			--- [           main] o.h.c.Environment                        : HHH000206: hibernate.properties not found
2019-06-19 11:32:00.836  INFO DESKTOP-M1H1RUL
			--- [           main] o.h.a.c.Version                          : HCANN000001: Hibernate Commons Annotations {5.0.4.Final}
2019-06-19 11:32:00.940  INFO DESKTOP-M1H1RUL
			--- [           main] o.h.d.Dialect                            : HHH000400: Using dialect: org.hibernate.dialect.MariaDB103Dialect
2019-06-19 11:32:01.396  INFO DESKTOP-M1H1RUL
			--- [           main] j.LocalContainerEntityManagerFactoryBean : Initialized JPA EntityManagerFactory for persistence unit 'default'
2019-06-19 11:32:02.097  INFO DESKTOP-M1H1RUL
			--- [           main] o.f.c.i.l.VersionPrinter                 : Flyway Community Edition 5.2.4 by Boxfuse
2019-06-19 11:32:02.102  INFO DESKTOP-M1H1RUL
			--- [           main] o.f.c.i.d.DatabaseFactory                : Database: jdbc:mariadb://localhost:3306/tagcloud (MySQL 10.3)
2019-06-19 11:32:02.162  INFO DESKTOP-M1H1RUL
			--- [           main] o.f.c.i.c.DbValidate                     : Successfully validated 4 migrations (execution time 00:00.025s)
2019-06-19 11:32:02.171  INFO DESKTOP-M1H1RUL
			--- [           main] o.f.c.i.c.DbMigrate                      : Current version of schema `tagcloud`: 1.0.7
2019-06-19 11:32:02.171  INFO DESKTOP-M1H1RUL
			--- [           main] o.f.c.i.c.DbMigrate                      : Schema `tagcloud` is up to date. No migration necessary.
2019-06-19 11:32:02.311  INFO DESKTOP-M1H1RUL
			--- [           main] o.s.s.w.DefaultSecurityFilterChain       : Creating filter chain: any request, [org.springframework.security.web.context.request.async.WebAsyncManagerIntegrationFilter@36871e98, org.springframework.security.web.context.SecurityContextPersistenceFilter@71a2df1, org.springframework.security.web.header.HeaderWriterFilter@76ffc17c, org.springframework.security.web.csrf.CsrfFilter@2d38db6f, org.springframework.security.web.authentication.logout.LogoutFilter@10a0d93a, org.springframework.security.web.authentication.UsernamePasswordAuthenticationFilter@70022d44, org.springframework.security.web.savedrequest.RequestCacheAwareFilter@2a9e754e, org.springframework.security.web.servletapi.SecurityContextHolderAwareRequestFilter@14201a90, org.springframework.security.web.authentication.AnonymousAuthenticationFilter@70d687b8, org.springframework.security.web.session.SessionManagementFilter@26d73519, org.springframework.security.web.access.ExceptionTranslationFilter@7ee64b53, org.springframework.security.web.access.intercept.FilterSecurityInterceptor@5f2b9da8]
2019-06-19 11:32:02.493  INFO DESKTOP-M1H1RUL
			--- [           main] o.s.s.c.ThreadPoolTaskExecutor           : Initializing ExecutorService 'applicationTaskExecutor'
2019-06-19 11:32:02.532  WARN DESKTOP-M1H1RUL
			--- [           main] aWebConfiguration$JpaWebMvcConfiguration : spring.jpa.open-in-view is enabled by default. Therefore, database queries may be performed during view rendering. Explicitly configure spring.jpa.open-in-view to disable this warning
2019-06-19 11:32:02.705  INFO DESKTOP-M1H1RUL
			--- [           main] o.s.b.a.w.s.WelcomePageHandlerMapping    : Adding welcome page template: index
2019-06-19 11:32:02.955  INFO DESKTOP-M1H1RUL
			--- [           main] o.a.c.h.Http11NioProtocol                : Starting ProtocolHandler ["http-nio-8080"]
2019-06-19 11:32:03.197  INFO DESKTOP-M1H1RUL
			--- [           main] o.s.b.w.e.t.TomcatWebServer              : Tomcat started on port(s): 8080 (http) with context path ''
2019-06-19 11:33:02.428  INFO DESKTOP-M1H1RUL
			--- [nio-8080-exec-1] o.a.c.c.C.[.[.[/]                        : Initializing Spring DispatcherServlet 'dispatcherServlet'
2019-06-19 11:33:02.428  INFO DESKTOP-M1H1RUL
			--- [nio-8080-exec-1] o.s.w.s.DispatcherServlet                : Initializing Servlet 'dispatcherServlet'
2019-06-19 11:33:02.449  INFO DESKTOP-M1H1RUL
			--- [nio-8080-exec-1] o.s.w.s.DispatcherServlet                : Completed initialization in 20 ms
2019-06-19 11:33:06.216  INFO DESKTOP-M1H1RUL
			--- [nio-8080-exec-7] o.h.h.i.QueryTranslatorFactoryInitiator  : HHH000397: Using ASTQueryTranslatorFactory
2019-06-19 11:34:37.097  INFO DESKTOP-M1H1RUL
			--- [on(2)-127.0.0.1] inMXBeanRegistrar$SpringApplicationAdmin : Application shutdown requested.
2019-06-19 11:34:37.100  INFO DESKTOP-M1H1RUL
			--- [on(2)-127.0.0.1] o.s.s.c.ThreadPoolTaskExecutor           : Shutting down ExecutorService 'applicationTaskExecutor'
2019-06-19 11:34:37.102  INFO DESKTOP-M1H1RUL
			--- [on(2)-127.0.0.1] j.LocalContainerEntityManagerFactoryBean : Closing JPA EntityManagerFactory for persistence unit 'default'
2019-06-19 11:34:37.104  INFO DESKTOP-M1H1RUL
			--- [on(2)-127.0.0.1] c.z.h.HikariDataSource                   : HikariPool-1 - Shutdown initiated...
2019-06-19 11:34:37.107  INFO DESKTOP-M1H1RUL
			--- [on(2)-127.0.0.1] c.z.h.HikariDataSource                   : HikariPool-1 - Shutdown completed.
